app/build/outputs/logs/manifest-merger-release-report.txt
-- Merging decision tree log ---
manifest
ADDED from src/main/AndroidManifest.xml:2:1-31:12
INJECTED from src/main/AndroidManifest.xml:2:1-31:12
INJECTED from src/main/AndroidManifest.xml:2:1-31:12
INJECTED from src/main/AndroidManifest.xml:2:1-31:12
INJECTED from src/main/AndroidManifest.xml:2:1-31:12
INJECTED from src/main/AndroidManifest.xml:2:1-31:12
INJECTED from src/main/AndroidManifest.xml:2:1-31:12
	package
		ADDED from src/main/AndroidManifest.xml:3:7-67
		INJECTED from src/main/AndroidManifest.xml
		INJECTED from src/main/AndroidManifest.xml
	android:versionName
		ADDED from src/main/AndroidManifest.xml:5:7-32
		INJECTED from src/main/AndroidManifest.xml
		INJECTED from src/main/AndroidManifest.xml
	xmlns:android
		ADDED from src/main/AndroidManifest.xml:2:11-69
	android:versionCode
		ADDED from src/main/AndroidManifest.xml:4:7-30
		INJECTED from src/main/AndroidManifest.xml
		INJECTED from src/main/AndroidManifest.xml
uses-sdk
ADDED from src/main/AndroidManifest.xml:8:2-39
INJECTED from src/main/AndroidManifest.xml:8:2-39
INJECTED from src/main/AndroidManifest.xml:8:2-39
INJECTED from src/main/AndroidManifest.xml:8:2-39
INJECTED from src/main/AndroidManifest.xml:8:2-39
	android:targetSdkVersion
		INJECTED from src/main/AndroidManifest.xml
		ADDED from src/main/AndroidManifest.xml:8:2-39
		INJECTED from src/main/AndroidManifest.xml
	android:minSdkVersion
		ADDED from src/main/AndroidManifest.xml:8:12-37
		INJECTED from src/main/AndroidManifest.xml
		INJECTED from src/main/AndroidManifest.xml
supports-screens
ADDED from src/main/AndroidManifest.xml:10:2-14:35
	android:largeScreens
		ADDED from src/main/AndroidManifest.xml:13:7-34
	android:smallScreens
		ADDED from src/main/AndroidManifest.xml:11:7-34
	android:normalScreens
		ADDED from src/main/AndroidManifest.xml:12:7-35
	android:anyDensity
		ADDED from src/main/AndroidManifest.xml:14:7-32
uses-permission#android.permission.BLUETOOTH
ADDED from src/main/AndroidManifest.xml:15:2-81
	android:name
		ADDED from src/main/AndroidManifest.xml:15:19-62
uses-permission#android.permission.WRITE_EXTERNAL_STORAGE
ADDED from src/main/AndroidManifest.xml:16:5-81
	android:name
		ADDED from src/main/AndroidManifest.xml:16:22-78
uses-permission#android.permission.INTERNET
ADDED from src/main/AndroidManifest.xml:17:5-67
	android:name
		ADDED from src/main/AndroidManifest.xml:17:22-64
application
ADDED from src/main/AndroidManifest.xml:19:5-30:19
	android:label
		ADDED from src/main/AndroidManifest.xml:19:48-80
	android:testOnly
		ADDED from src/main/AndroidManifest.xml:19:131-155
	android:permission
		ADDED from src/main/AndroidManifest.xml:19:81-130
	android:icon
		ADDED from src/main/AndroidManifest.xml:19:18-47
activity#com.mmm.healthcare.scopes.device.androidtextsample.AndroidTextSample
ADDED from src/main/AndroidManifest.xml:20:9-26:20
	android:label
		ADDED from src/main/AndroidManifest.xml:21:19-51
	android:name
		ADDED from src/main/AndroidManifest.xml:20:19-52
intent-filter#android.intent.action.MAIN+android.intent.category.LAUNCHER
ADDED from src/main/AndroidManifest.xml:22:13-25:29
action#android.intent.action.MAIN
ADDED from src/main/AndroidManifest.xml:23:17-69
	android:name
		ADDED from src/main/AndroidManifest.xml:23:25-66
category#android.intent.category.LAUNCHER
ADDED from src/main/AndroidManifest.xml:24:17-77
	android:name
		ADDED from src/main/AndroidManifest.xml:24:27-74